
*** Running vivado
    with args -log lab1.vdi -applog -m64 -product Vivado -messageDb vivado.pb -mode batch -source lab1.tcl -notrace


****** Vivado v2018.3 (64-bit)
  **** SW Build 2405991 on Thu Dec  6 23:38:27 MST 2018
  **** IP Build 2404404 on Fri Dec  7 01:43:56 MST 2018
    ** Copyright 1986-2018 Xilinx, Inc. All Rights Reserved.

source lab1.tcl -notrace
Command: link_design -top lab1 -part xc7a100tcsg324-1
Design is defaulting to srcset: sources_1
Design is defaulting to constrset: constrs_1
INFO: [Netlist 29-17] Analyzing 7 Unisim elements for replacement
INFO: [Netlist 29-28] Unisim Transformation completed in 0 CPU seconds
INFO: [Project 1-479] Netlist was created with Vivado 2018.3
INFO: [Device 21-403] Loading part xc7a100tcsg324-1
INFO: [Project 1-570] Preparing netlist for logic optimization
Parsing XDC File [C:/Users/HUARGEN/DADS_Practica_1/DADS_Practica_1.srcs/constrs_1/new/constraint_lab1.xdc]
Finished Parsing XDC File [C:/Users/HUARGEN/DADS_Practica_1/DADS_Practica_1.srcs/constrs_1/new/constraint_lab1.xdc]
INFO: [Opt 31-138] Pushed 0 inverter(s) to 0 load pin(s).
Netlist sorting complete. Time (s): cpu = 00:00:00 ; elapsed = 00:00:00 . Memory (MB): peak = 606.285 ; gain = 0.000
INFO: [Project 1-111] Unisim Transformation Summary:
No Unisim elements were transformed.

7 Infos, 0 Warnings, 0 Critical Warnings and 0 Errors encountered.
link_design completed successfully
link_design: Time (s): cpu = 00:00:08 ; elapsed = 00:00:09 . Memory (MB): peak = 610.430 ; gain = 338.125
Command: opt_design
Attempting to get a license for feature 'Implementation' and/or device 'xc7a100t'
INFO: [Common 17-349] Got license for feature 'Implementation' and/or device 'xc7a100t'
Running DRC as a precondition to command opt_design

Starting DRC Task
INFO: [DRC 23-27] Running DRC with 2 threads
INFO: [Project 1-461] DRC finished with 0 Errors
INFO: [Project 1-462] Please refer to the DRC report (report_drc) for more information.

Time (s): cpu = 00:00:01 ; elapsed = 00:00:00.866 . Memory (MB): peak = 619.535 ; gain = 9.105

Starting Cache Timing Information Task
INFO: [Timing 38-35] Done setting XDC timing constraints.
Ending Cache Timing Information Task | Checksum: 206407c3b

Time (s): cpu = 00:00:13 ; elapsed = 00:00:13 . Memory (MB): peak = 1168.289 ; gain = 548.754

Starting Logic Optimization Task

Phase 1 Retarget
INFO: [Opt 31-138] Pushed 0 inverter(s) to 0 load pin(s).
INFO: [Opt 31-49] Retargeted 0 cell(s).
Phase 1 Retarget | Checksum: 206407c3b

Time (s): cpu = 00:00:00 ; elapsed = 00:00:00.014 . Memory (MB): peak = 1267.434 ; gain = 0.000
INFO: [Opt 31-389] Phase Retarget created 0 cells and removed 0 cells

Phase 2 Constant propagation
INFO: [Opt 31-138] Pushed 0 inverter(s) to 0 load pin(s).
Phase 2 Constant propagation | Checksum: 2657675ed

Time (s): cpu = 00:00:00 ; elapsed = 00:00:00.018 . Memory (MB): peak = 1267.434 ; gain = 0.000
INFO: [Opt 31-389] Phase Constant propagation created 0 cells and removed 0 cells

Phase 3 Sweep
Phase 3 Sweep | Checksum: 1c582c4c1

Time (s): cpu = 00:00:00 ; elapsed = 00:00:00.023 . Memory (MB): peak = 1267.434 ; gain = 0.000
INFO: [Opt 31-389] Phase Sweep created 0 cells and removed 0 cells

Phase 4 BUFG optimization
Phase 4 BUFG optimization | Checksum: 1c582c4c1

Time (s): cpu = 00:00:00 ; elapsed = 00:00:00.031 . Memory (MB): peak = 1267.434 ; gain = 0.000
INFO: [Opt 31-662] Phase BUFG optimization created 0 cells of which 0 are BUFGs and removed 0 cells.

Phase 5 Shift Register Optimization
Phase 5 Shift Register Optimization | Checksum: 236e2d2c8

Time (s): cpu = 00:00:00 ; elapsed = 00:00:00.077 . Memory (MB): peak = 1267.434 ; gain = 0.000
INFO: [Opt 31-389] Phase Shift Register Optimization created 0 cells and removed 0 cells

Phase 6 Post Processing Netlist
Phase 6 Post Processing Netlist | Checksum: 236e2d2c8

Time (s): cpu = 00:00:00 ; elapsed = 00:00:00.079 . Memory (MB): peak = 1267.434 ; gain = 0.000
INFO: [Opt 31-389] Phase Post Processing Netlist created 0 cells and removed 0 cells
Opt_design Change Summary
=========================


-------------------------------------------------------------------------------------------------------------------------
|  Phase                        |  #Cells created  |  #Cells Removed  |  #Constrained objects preventing optimizations  |
-------------------------------------------------------------------------------------------------------------------------
|  Retarget                     |               0  |               0  |                                              0  |
|  Constant propagation         |               0  |               0  |                                              0  |
|  Sweep                        |               0  |               0  |                                              0  |
|  BUFG optimization            |               0  |               0  |                                              0  |
|  Shift Register Optimization  |               0  |               0  |                                              0  |
|  Post Processing Netlist      |               0  |               0  |                                              0  |
-------------------------------------------------------------------------------------------------------------------------



Starting Connectivity Check Task

Time (s): cpu = 00:00:00 ; elapsed = 00:00:00.001 . Memory (MB): peak = 1267.434 ; gain = 0.000
Ending Logic Optimization Task | Checksum: 236e2d2c8

Time (s): cpu = 00:00:00 ; elapsed = 00:00:00.084 . Memory (MB): peak = 1267.434 ; gain = 0.000

Starting Power Optimization Task
INFO: [Pwropt 34-132] Skipping clock gating for clocks with a period < 2.00 ns.
Ending Power Optimization Task | Checksum: 236e2d2c8

Time (s): cpu = 00:00:00 ; elapsed = 00:00:00.012 . Memory (MB): peak = 1267.434 ; gain = 0.000

Starting Final Cleanup Task
Ending Final Cleanup Task | Checksum: 236e2d2c8

Time (s): cpu = 00:00:00 ; elapsed = 00:00:00 . Memory (MB): peak = 1267.434 ; gain = 0.000

Starting Netlist Obfuscation Task
Netlist sorting complete. Time (s): cpu = 00:00:00 ; elapsed = 00:00:00 . Memory (MB): peak = 1267.434 ; gain = 0.000
Ending Netlist Obfuscation Task | Checksum: 236e2d2c8

Time (s): cpu = 00:00:00 ; elapsed = 00:00:00 . Memory (MB): peak = 1267.434 ; gain = 0.000
INFO: [Common 17-83] Releasing license: Implementation
23 Infos, 0 Warnings, 0 Critical Warnings and 0 Errors encountered.
opt_design completed successfully
opt_design: Time (s): cpu = 00:00:16 ; elapsed = 00:00:16 . Memory (MB): peak = 1267.434 ; gain = 657.004
Netlist sorting complete. Time (s): cpu = 00:00:00 ; elapsed = 00:00:00 . Memory (MB): peak = 1267.434 ; gain = 0.000
INFO: [Timing 38-480] Writing timing data to binary archive.
Writing placer database...
Writing XDEF routing.
Writing XDEF routing logical nets.
Writing XDEF routing special nets.
Write XDEF Complete: Time (s): cpu = 00:00:00 ; elapsed = 00:00:00.059 . Memory (MB): peak = 1267.434 ; gain = 0.000
Netlist sorting complete. Time (s): cpu = 00:00:00 ; elapsed = 00:00:00.001 . Memory (MB): peak = 1267.434 ; gain = 0.000
INFO: [Common 17-1381] The checkpoint 'C:/Users/HUARGEN/DADS_Practica_1/DADS_Practica_1.runs/impl_1/lab1_opt.dcp' has been generated.
INFO: [runtcl-4] Executing : report_drc -file lab1_drc_opted.rpt -pb lab1_drc_opted.pb -rpx lab1_drc_opted.rpx
Command: report_drc -file lab1_drc_opted.rpt -pb lab1_drc_opted.pb -rpx lab1_drc_opted.rpx
INFO: [IP_Flow 19-234] Refreshing IP repositories
INFO: [IP_Flow 19-1704] No user IP repositories specified
INFO: [IP_Flow 19-2313] Loaded Vivado IP repository 'C:/Xilinx/Vivado/2018.3/data/ip'.
INFO: [DRC 23-27] Running DRC with 2 threads
INFO: [Coretcl 2-168] The results of DRC are in file C:/Users/HUARGEN/DADS_Practica_1/DADS_Practica_1.runs/impl_1/lab1_drc_opted.rpt.
report_drc completed successfully
Command: place_design
Attempting to get a license for feature 'Implementation' and/or device 'xc7a100t'
INFO: [Common 17-349] Got license for feature 'Implementation' and/or device 'xc7a100t'
INFO: [DRC 23-27] Running DRC with 2 threads
INFO: [Vivado_Tcl 4-198] DRC finished with 0 Errors
INFO: [Vivado_Tcl 4-199] Please refer to the DRC report (report_drc) for more information.
Running DRC as a precondition to command place_design
INFO: [DRC 23-27] Running DRC with 2 threads
INFO: [Vivado_Tcl 4-198] DRC finished with 0 Errors
INFO: [Vivado_Tcl 4-199] Please refer to the DRC report (report_drc) for more information.

Starting Placer Task
INFO: [Place 30-611] Multithreading enabled for place_design using a maximum of 2 CPUs

Phase 1 Placer Initialization

Phase 1.1 Placer Initialization Netlist Sorting
Netlist sorting complete. Time (s): cpu = 00:00:00 ; elapsed = 00:00:00 . Memory (MB): peak = 1267.434 ; gain = 0.000
Phase 1.1 Placer Initialization Netlist Sorting | Checksum: 17238438f

Time (s): cpu = 00:00:00 ; elapsed = 00:00:00.005 . Memory (MB): peak = 1267.434 ; gain = 0.000
Netlist sorting complete. Time (s): cpu = 00:00:00 ; elapsed = 00:00:00 . Memory (MB): peak = 1267.434 ; gain = 0.000

Phase 1.2 IO Placement/ Clock Placement/ Build Placer Device
INFO: [Timing 38-35] Done setting XDC timing constraints.
Phase 1.2 IO Placement/ Clock Placement/ Build Placer Device | Checksum: f58131b6

Time (s): cpu = 00:00:02 ; elapsed = 00:00:01 . Memory (MB): peak = 1268.520 ; gain = 1.086

Phase 1.3 Build Placer Netlist Model
Phase 1.3 Build Placer Netlist Model | Checksum: 1be454b14

Time (s): cpu = 00:00:02 ; elapsed = 00:00:02 . Memory (MB): peak = 1276.184 ; gain = 8.750

Phase 1.4 Constrain Clocks/Macros
Phase 1.4 Constrain Clocks/Macros | Checksum: 1be454b14

Time (s): cpu = 00:00:02 ; elapsed = 00:00:02 . Memory (MB): peak = 1276.184 ; gain = 8.750
Phase 1 Placer Initialization | Checksum: 1be454b14

Time (s): cpu = 00:00:02 ; elapsed = 00:00:02 . Memory (MB): peak = 1276.184 ; gain = 8.750

Phase 2 Global Placement

Phase 2.1 Floorplanning
Phase 2.1 Floorplanning | Checksum: 1be454b14

Time (s): cpu = 00:00:02 ; elapsed = 00:00:02 . Memory (MB): peak = 1276.184 ; gain = 8.750
WARNING: [Place 46-29] place_design is not in timing mode. Skip physical synthesis in placer
Phase 2 Global Placement | Checksum: 1b839c3ec

Time (s): cpu = 00:00:05 ; elapsed = 00:00:03 . Memory (MB): peak = 1276.184 ; gain = 8.750

Phase 3 Detail Placement

Phase 3.1 Commit Multi Column Macros
Phase 3.1 Commit Multi Column Macros | Checksum: 1b839c3ec

Time (s): cpu = 00:00:05 ; elapsed = 00:00:03 . Memory (MB): peak = 1276.184 ; gain = 8.750

Phase 3.2 Commit Most Macros & LUTRAMs
Phase 3.2 Commit Most Macros & LUTRAMs | Checksum: da6cc9ce

Time (s): cpu = 00:00:05 ; elapsed = 00:00:03 . Memory (MB): peak = 1276.184 ; gain = 8.750

Phase 3.3 Area Swap Optimization
Phase 3.3 Area Swap Optimization | Checksum: 16e287677

Time (s): cpu = 00:00:05 ; elapsed = 00:00:03 . Memory (MB): peak = 1276.184 ; gain = 8.750

Phase 3.4 Pipeline Register Optimization
Phase 3.4 Pipeline Register Optimization | Checksum: 16e287677

Time (s): cpu = 00:00:05 ; elapsed = 00:00:03 . Memory (MB): peak = 1276.184 ; gain = 8.750

Phase 3.5 Small Shape Detail Placement
Phase 3.5 Small Shape Detail Placement | Checksum: 19bd17259

Time (s): cpu = 00:00:05 ; elapsed = 00:00:03 . Memory (MB): peak = 1276.184 ; gain = 8.750

Phase 3.6 Re-assign LUT pins
Phase 3.6 Re-assign LUT pins | Checksum: 18fa9b203

Time (s): cpu = 00:00:05 ; elapsed = 00:00:03 . Memory (MB): peak = 1276.184 ; gain = 8.750

Phase 3.7 Pipeline Register Optimization
Phase 3.7 Pipeline Register Optimization | Checksum: 18fa9b203

Time (s): cpu = 00:00:05 ; elapsed = 00:00:03 . Memory (MB): peak = 1276.184 ; gain = 8.750
Phase 3 Detail Placement | Checksum: 18fa9b203

Time (s): cpu = 00:00:05 ; elapsed = 00:00:03 . Memory (MB): peak = 1276.184 ; gain = 8.750

Phase 4 Post Placement Optimization and Clean-Up

Phase 4.1 Post Commit Optimization
Phase 4.1 Post Commit Optimization | Checksum: 18fa9b203

Time (s): cpu = 00:00:05 ; elapsed = 00:00:03 . Memory (MB): peak = 1276.184 ; gain = 8.750

Phase 4.2 Post Placement Cleanup
Phase 4.2 Post Placement Cleanup | Checksum: 18fa9b203

Time (s): cpu = 00:00:05 ; elapsed = 00:00:03 . Memory (MB): peak = 1276.184 ; gain = 8.750

Phase 4.3 Placer Reporting
Phase 4.3 Placer Reporting | Checksum: 18fa9b203

Time (s): cpu = 00:00:05 ; elapsed = 00:00:03 . Memory (MB): peak = 1276.184 ; gain = 8.750

Phase 4.4 Final Placement Cleanup
Netlist sorting complete. Time (s): cpu = 00:00:00 ; elapsed = 00:00:00 . Memory (MB): peak = 1276.184 ; gain = 0.000
Phase 4.4 Final Placement Cleanup | Checksum: 18fa9b203

Time (s): cpu = 00:00:05 ; elapsed = 00:00:03 . Memory (MB): peak = 1276.184 ; gain = 8.750
Phase 4 Post Placement Optimization and Clean-Up | Checksum: 18fa9b203

Time (s): cpu = 00:00:05 ; elapsed = 00:00:03 . Memory (MB): peak = 1276.184 ; gain = 8.750
Ending Placer Task | Checksum: 1685891b7

Time (s): cpu = 00:00:05 ; elapsed = 00:00:03 . Memory (MB): peak = 1276.184 ; gain = 8.750
INFO: [Common 17-83] Releasing license: Implementation
41 Infos, 1 Warnings, 0 Critical Warnings and 0 Errors encountered.
place_design completed successfully
Netlist sorting complete. Time (s): cpu = 00:00:00 ; elapsed = 00:00:00 . Memory (MB): peak = 1276.184 ; gain = 0.000
INFO: [Timing 38-480] Writing timing data to binary archive.
Writing placer database...
Writing XDEF routing.
Writing XDEF routing logical nets.
Writing XDEF routing special nets.
Write XDEF Complete: Time (s): cpu = 00:00:00 ; elapsed = 00:00:00.113 . Memory (MB): peak = 1276.184 ; gain = 0.000
Netlist sorting complete. Time (s): cpu = 00:00:00 ; elapsed = 00:00:00 . Memory (MB): peak = 1276.184 ; gain = 0.000
INFO: [Common 17-1381] The checkpoint 'C:/Users/HUARGEN/DADS_Practica_1/DADS_Practica_1.runs/impl_1/lab1_placed.dcp' has been generated.
INFO: [runtcl-4] Executing : report_io -file lab1_io_placed.rpt
report_io: Time (s): cpu = 00:00:00 ; elapsed = 00:00:00.110 . Memory (MB): peak = 1276.184 ; gain = 0.000
INFO: [runtcl-4] Executing : report_utilization -file lab1_utilization_placed.rpt -pb lab1_utilization_placed.pb
INFO: [runtcl-4] Executing : report_control_sets -verbose -file lab1_control_sets_placed.rpt
report_control_sets: Time (s): cpu = 00:00:00 ; elapsed = 00:00:00.008 . Memory (MB): peak = 1276.184 ; gain = 0.000
Command: route_design
Attempting to get a license for feature 'Implementation' and/or device 'xc7a100t'
INFO: [Common 17-349] Got license for feature 'Implementation' and/or device 'xc7a100t'
Running DRC as a precondition to command route_design
INFO: [DRC 23-27] Running DRC with 2 threads
INFO: [Vivado_Tcl 4-198] DRC finished with 0 Errors
INFO: [Vivado_Tcl 4-199] Please refer to the DRC report (report_drc) for more information.


Starting Routing Task
INFO: [Route 35-254] Multithreading enabled for route_design using a maximum of 2 CPUs
Checksum: PlaceDB: e7159bf6 ConstDB: 0 ShapeSum: 8142f5c1 RouteDB: 0

Phase 1 Build RT Design
Phase 1 Build RT Design | Checksum: 180e4065c

Time (s): cpu = 00:00:54 ; elapsed = 00:00:48 . Memory (MB): peak = 1383.172 ; gain = 106.988
Post Restoration Checksum: NetGraph: c1f67f40 NumContArr: beed871c Constraints: 0 Timing: 0

Phase 2 Router Initialization

Phase 2.1 Create Timer
INFO: [Timing 38-35] Done setting XDC timing constraints.
Phase 2.1 Create Timer | Checksum: 180e4065c

Time (s): cpu = 00:00:54 ; elapsed = 00:00:48 . Memory (MB): peak = 1467.789 ; gain = 191.605

Phase 2.2 Fix Topology Constraints
Phase 2.2 Fix Topology Constraints | Checksum: 180e4065c

Time (s): cpu = 00:00:54 ; elapsed = 00:00:48 . Memory (MB): peak = 1475.539 ; gain = 199.355

Phase 2.3 Pre Route Cleanup
Phase 2.3 Pre Route Cleanup | Checksum: 180e4065c

Time (s): cpu = 00:00:54 ; elapsed = 00:00:48 . Memory (MB): peak = 1475.539 ; gain = 199.355
 Number of Nodes with overlaps = 0

Phase 2.4 Update Timing
Phase 2.4 Update Timing | Checksum: 1a2f09ca5

Time (s): cpu = 00:00:55 ; elapsed = 00:00:49 . Memory (MB): peak = 1482.504 ; gain = 206.320
INFO: [Route 35-416] Intermediate Timing Summary | WNS=7.754  | TNS=0.000  | WHS=-0.019 | THS=-0.151 |

Phase 2 Router Initialization | Checksum: 15039aded

Time (s): cpu = 00:00:55 ; elapsed = 00:00:49 . Memory (MB): peak = 1482.504 ; gain = 206.320

Phase 3 Initial Routing
Phase 3 Initial Routing | Checksum: 2ded936e5

Time (s): cpu = 00:00:55 ; elapsed = 00:00:49 . Memory (MB): peak = 1483.879 ; gain = 207.695

Phase 4 Rip-up And Reroute

Phase 4.1 Global Iteration 0
 Number of Nodes with overlaps = 6
 Number of Nodes with overlaps = 0
INFO: [Route 35-416] Intermediate Timing Summary | WNS=7.567  | TNS=0.000  | WHS=N/A    | THS=N/A    |

Phase 4.1 Global Iteration 0 | Checksum: 1cd16b1ff

Time (s): cpu = 00:00:55 ; elapsed = 00:00:49 . Memory (MB): peak = 1483.879 ; gain = 207.695
Phase 4 Rip-up And Reroute | Checksum: 1cd16b1ff

Time (s): cpu = 00:00:55 ; elapsed = 00:00:49 . Memory (MB): peak = 1483.879 ; gain = 207.695

Phase 5 Delay and Skew Optimization

Phase 5.1 Delay CleanUp
Phase 5.1 Delay CleanUp | Checksum: 1cd16b1ff

Time (s): cpu = 00:00:55 ; elapsed = 00:00:49 . Memory (MB): peak = 1483.879 ; gain = 207.695

Phase 5.2 Clock Skew Optimization
Phase 5.2 Clock Skew Optimization | Checksum: 1cd16b1ff

Time (s): cpu = 00:00:55 ; elapsed = 00:00:49 . Memory (MB): peak = 1483.879 ; gain = 207.695
Phase 5 Delay and Skew Optimization | Checksum: 1cd16b1ff

Time (s): cpu = 00:00:55 ; elapsed = 00:00:49 . Memory (MB): peak = 1483.879 ; gain = 207.695

Phase 6 Post Hold Fix

Phase 6.1 Hold Fix Iter

Phase 6.1.1 Update Timing
Phase 6.1.1 Update Timing | Checksum: 18e2c818b

Time (s): cpu = 00:00:55 ; elapsed = 00:00:49 . Memory (MB): peak = 1483.879 ; gain = 207.695
INFO: [Route 35-416] Intermediate Timing Summary | WNS=7.662  | TNS=0.000  | WHS=0.235  | THS=0.000  |

Phase 6.1 Hold Fix Iter | Checksum: 18e2c818b

Time (s): cpu = 00:00:55 ; elapsed = 00:00:49 . Memory (MB): peak = 1483.879 ; gain = 207.695
Phase 6 Post Hold Fix | Checksum: 18e2c818b

Time (s): cpu = 00:00:55 ; elapsed = 00:00:49 . Memory (MB): peak = 1483.879 ; gain = 207.695

Phase 7 Route finalize

Router Utilization Summary
  Global Vertical Routing Utilization    = 0.011925 %
  Global Horizontal Routing Utilization  = 0.00724638 %
  Routable Net Status*
  *Does not include unroutable nets such as driverless and loadless.
  Run report_route_status for detailed report.
  Number of Failed Nets               = 0
  Number of Unrouted Nets             = 0
  Number of Partially Routed Nets     = 0
  Number of Node Overlaps             = 0

Phase 7 Route finalize | Checksum: 18e2c818b

Time (s): cpu = 00:00:55 ; elapsed = 00:00:49 . Memory (MB): peak = 1483.879 ; gain = 207.695

Phase 8 Verifying routed nets

 Verification completed successfully
Phase 8 Verifying routed nets | Checksum: 18e2c818b

Time (s): cpu = 00:00:55 ; elapsed = 00:00:49 . Memory (MB): peak = 1485.910 ; gain = 209.727

Phase 9 Depositing Routes
Phase 9 Depositing Routes | Checksum: 13499028b

Time (s): cpu = 00:00:55 ; elapsed = 00:00:49 . Memory (MB): peak = 1485.910 ; gain = 209.727

Phase 10 Post Router Timing
INFO: [Route 35-57] Estimated Timing Summary | WNS=7.662  | TNS=0.000  | WHS=0.235  | THS=0.000  |

INFO: [Route 35-327] The final timing numbers are based on the router estimated timing analysis. For a complete and accurate timing signoff, please run report_timing_summary.
Phase 10 Post Router Timing | Checksum: 13499028b

Time (s): cpu = 00:00:55 ; elapsed = 00:00:49 . Memory (MB): peak = 1485.910 ; gain = 209.727
INFO: [Route 35-16] Router Completed Successfully

Time (s): cpu = 00:00:55 ; elapsed = 00:00:49 . Memory (MB): peak = 1485.910 ; gain = 209.727

Routing Is Done.
INFO: [Common 17-83] Releasing license: Implementation
59 Infos, 1 Warnings, 0 Critical Warnings and 0 Errors encountered.
route_design completed successfully
route_design: Time (s): cpu = 00:00:57 ; elapsed = 00:00:51 . Memory (MB): peak = 1485.910 ; gain = 209.727
Netlist sorting complete. Time (s): cpu = 00:00:00 ; elapsed = 00:00:00 . Memory (MB): peak = 1485.910 ; gain = 0.000
INFO: [Timing 38-480] Writing timing data to binary archive.
Writing placer database...
Writing XDEF routing.
Writing XDEF routing logical nets.
Writing XDEF routing special nets.
Write XDEF Complete: Time (s): cpu = 00:00:01 ; elapsed = 00:00:00.084 . Memory (MB): peak = 1485.910 ; gain = 0.000
Netlist sorting complete. Time (s): cpu = 00:00:00 ; elapsed = 00:00:00.001 . Memory (MB): peak = 1485.910 ; gain = 0.000
INFO: [Common 17-1381] The checkpoint 'C:/Users/HUARGEN/DADS_Practica_1/DADS_Practica_1.runs/impl_1/lab1_routed.dcp' has been generated.
INFO: [runtcl-4] Executing : report_drc -file lab1_drc_routed.rpt -pb lab1_drc_routed.pb -rpx lab1_drc_routed.rpx
Command: report_drc -file lab1_drc_routed.rpt -pb lab1_drc_routed.pb -rpx lab1_drc_routed.rpx
INFO: [IP_Flow 19-1839] IP Catalog is up to date.
INFO: [DRC 23-27] Running DRC with 2 threads
INFO: [Coretcl 2-168] The results of DRC are in file C:/Users/HUARGEN/DADS_Practica_1/DADS_Practica_1.runs/impl_1/lab1_drc_routed.rpt.
report_drc completed successfully
INFO: [runtcl-4] Executing : report_methodology -file lab1_methodology_drc_routed.rpt -pb lab1_methodology_drc_routed.pb -rpx lab1_methodology_drc_routed.rpx
Command: report_methodology -file lab1_methodology_drc_routed.rpt -pb lab1_methodology_drc_routed.pb -rpx lab1_methodology_drc_routed.rpx
INFO: [Timing 38-35] Done setting XDC timing constraints.
INFO: [DRC 23-133] Running Methodology with 2 threads
INFO: [Coretcl 2-1520] The results of Report Methodology are in file C:/Users/HUARGEN/DADS_Practica_1/DADS_Practica_1.runs/impl_1/lab1_methodology_drc_routed.rpt.
report_methodology completed successfully
INFO: [runtcl-4] Executing : report_power -file lab1_power_routed.rpt -pb lab1_power_summary_routed.pb -rpx lab1_power_routed.rpx
Command: report_power -file lab1_power_routed.rpt -pb lab1_power_summary_routed.pb -rpx lab1_power_routed.rpx
INFO: [Timing 38-35] Done setting XDC timing constraints.
Running Vector-less Activity Propagation...

Finished Running Vector-less Activity Propagation
71 Infos, 1 Warnings, 0 Critical Warnings and 0 Errors encountered.
report_power completed successfully
INFO: [runtcl-4] Executing : report_route_status -file lab1_route_status.rpt -pb lab1_route_status.pb
INFO: [runtcl-4] Executing : report_timing_summary -max_paths 10 -file lab1_timing_summary_routed.rpt -pb lab1_timing_summary_routed.pb -rpx lab1_timing_summary_routed.rpx -warn_on_violation 
INFO: [Timing 38-91] UpdateTimingParams: Speed grade: -1, Delay Type: min_max.
INFO: [Timing 38-191] Multithreading enabled for timing update using a maximum of 2 CPUs
INFO: [runtcl-4] Executing : report_incremental_reuse -file lab1_incremental_reuse_routed.rpt
INFO: [Vivado_Tcl 4-1062] Incremental flow is disabled. No incremental reuse Info to report.
INFO: [runtcl-4] Executing : report_clock_utilization -file lab1_clock_utilization_routed.rpt
INFO: [runtcl-4] Executing : report_bus_skew -warn_on_violation -file lab1_bus_skew_routed.rpt -pb lab1_bus_skew_routed.pb -rpx lab1_bus_skew_routed.rpx
INFO: [Timing 38-91] UpdateTimingParams: Speed grade: -1, Delay Type: min_max.
INFO: [Timing 38-191] Multithreading enabled for timing update using a maximum of 2 CPUs
INFO: [Common 17-206] Exiting Vivado at Wed Mar  3 12:55:46 2021...
