#-----------------------------------------------------------
# Vivado v2018.3 (64-bit)
# SW Build 2405991 on Thu Dec  6 23:38:27 MST 2018
# IP Build 2404404 on Fri Dec  7 01:43:56 MST 2018
# Start of session at: Wed Mar 31 17:46:43 2021
# Process ID: 17132
# Current directory: C:/Users/HUARGEN/DADS_Practica_2
# Command line: vivado.exe -gui_launcher_event rodinguilauncherevent19520 C:\Users\HUARGEN\DADS_Practica_2\DADS_Practica_2.xpr
# Log file: C:/Users/HUARGEN/DADS_Practica_2/vivado.log
# Journal file: C:/Users/HUARGEN/DADS_Practica_2\vivado.jou
#-----------------------------------------------------------
start_gui
open_project C:/Users/HUARGEN/DADS_Practica_2/DADS_Practica_2.xpr
Scanning sources...
Finished scanning sources
INFO: [IP_Flow 19-234] Refreshing IP repositories
INFO: [IP_Flow 19-1704] No user IP repositories specified
INFO: [IP_Flow 19-2313] Loaded Vivado IP repository 'C:/Xilinx/Vivado/2018.3/data/ip'.
open_project: Time (s): cpu = 00:00:16 ; elapsed = 00:00:07 . Memory (MB): peak = 754.727 ; gain = 140.547
update_compile_order -fileset sources_1
exit
INFO: [Common 17-206] Exiting Vivado at Wed Mar 31 17:47:19 2021...
